<?xml version="1.0" encoding="UTF-8"?>
<!-- Generated by org.testng.reporters.JUnitReportReporter -->
<testsuite hostname="TINTU" failures="0" tests="2" name="com.demo.tests.LoginTest" time="11.136" errors="0" timestamp="2025-10-06T14:52:55 IST" skipped="0">
  <testcase classname="com.demo.tests.LoginTest" name="invaldLogin" time="2.843"/>
  <testcase classname="com.demo.tests.LoginTest" name="validLogin" time="8.293"/>
</testsuite> <!-- com.demo.tests.LoginTest -->
