<?xml version="1.0" encoding="UTF-8"?>
<!-- Generated by org.testng.reporters.JUnitReportReporter -->
<testsuite hostname="TINTU" failures="0" tests="1" name="com.demo.tests.CartTest" time="10.677" errors="0" timestamp="2025-10-06T14:52:55 IST" skipped="0">
  <testcase classname="com.demo.tests.CartTest" name="addToCart" time="10.677"/>
</testsuite> <!-- com.demo.tests.CartTest -->
