<?xml version="1.0" encoding="UTF-8"?>
<!-- Generated by org.testng.reporters.JUnitReportReporter -->
<testsuite hostname="663b7b1ef8e8" failures="0" tests="2" name="com.demo.tests.LoginTest" time="20.520" errors="0" timestamp="2025-10-15T16:05:21 UTC" skipped="0">
  <testcase classname="com.demo.tests.LoginTest" name="invaldLogin" time="7.598"/>
  <testcase classname="com.demo.tests.LoginTest" name="validLogin" time="12.922"/>
</testsuite> <!-- com.demo.tests.LoginTest -->
