<?xml version="1.0" encoding="UTF-8"?>
<!-- Generated by org.testng.reporters.JUnitReportReporter -->
<testsuite hostname="TINTU" failures="0" tests="1" name="com.demo.tests.CheckoutTest" time="4.122" errors="0" timestamp="2025-10-06T14:52:55 IST" skipped="0">
  <testcase classname="com.demo.tests.CheckoutTest" name="completeCheckOut" time="4.122"/>
</testsuite> <!-- com.demo.tests.CheckoutTest -->
