<?xml version="1.0" encoding="UTF-8"?>
<!-- Generated by org.testng.reporters.JUnitReportReporter -->
<testsuite hostname="663b7b1ef8e8" failures="0" tests="1" name="com.demo.tests.CheckoutTest" time="8.207" errors="0" timestamp="2025-10-15T16:05:21 UTC" skipped="0">
  <testcase classname="com.demo.tests.CheckoutTest" name="completeCheckOut" time="8.207"/>
</testsuite> <!-- com.demo.tests.CheckoutTest -->
